
Showing logs for build [32mtmonj1-jx1-aspnet5-app1-master-z4tlh-1[0m stage [32mfrom-build-pack[0m and container [32mcredential-initializer[0m
{"level":"info","ts":1620294279.6570199,"caller":"creds-init/main.go:44","msg":"Credentials initialized."}

Showing logs for build [32mtmonj1-jx1-aspnet5-app1-master-z4tlh-1[0m stage [32mfrom-build-pack[0m and container [32mworking-dir-initializer[0m

Showing logs for build [32mtmonj1-jx1-aspnet5-app1-master-z4tlh-1[0m stage [32mfrom-build-pack[0m and container [32mplace-tools[0m

Showing logs for build [32mtmonj1-jx1-aspnet5-app1-master-z4tlh-1[0m stage [32mfrom-build-pack[0m and container [32mstep-git-source-tmonj1-jx1-aspnet5-app1-master-z4tlh-qmqlr[0m
{"level":"info","ts":1620294294.0871582,"caller":"git/git.go:105","msg":"Successfully cloned https://github.com/******/**1-aspnet5-app1.git @ v0.0.1 in path /workspace/source"}
{"level":"warn","ts":1620294294.0873792,"caller":"git/git.go:152","msg":"Unexpected error: creating symlink: symlink /tekton/home/.ssh /root/.ssh: file exists"}
{"level":"info","ts":1620294294.115395,"caller":"git/git.go:133","msg":"Successfully initialized and updated submodules in path /workspace/source"}

Showing logs for build [32mtmonj1-jx1-aspnet5-app1-master-z4tlh-1[0m stage [32mfrom-build-pack[0m and container [32mstep-setup-builder-home[0m

Showing logs for build [32mtmonj1-jx1-aspnet5-app1-master-z4tlh-1[0m stage [32mfrom-build-pack[0m and container [32mstep-git-merge[0m
Using SHAs from PULL_REFS=master:
WARNING: no SHAs to merge, falling back to initial cloned commit

Showing logs for build [32mtmonj1-jx1-aspnet5-app1-master-z4tlh-1[0m stage [32mfrom-build-pack[0m and container [32mstep-setup-jx-git-credentials[0m
Generated Git credentials file /workspace/xdg_config/git/credentials

Showing logs for build [32mtmonj1-jx1-aspnet5-app1-master-z4tlh-1[0m stage [32mfrom-build-pack[0m and container [32mstep-build-container-build[0m
[36mINFO[0m[0002] Resolved base name mcr.microsoft.com/dotnet/core/sdk:2.2 to builder 
[36mINFO[0m[0002] Using dockerignore file: /workspace/source/.dockerignore 
[36mINFO[0m[0002] Retrieving image manifest mcr.microsoft.com/dotnet/core/sdk:2.2 
[36mINFO[0m[0003] Retrieving image manifest mcr.microsoft.com/dotnet/core/sdk:2.2 
[36mINFO[0m[0004] Retrieving image manifest mcr.microsoft.com/dotnet/core/aspnet:2.2 
[36mINFO[0m[0004] Retrieving image manifest mcr.microsoft.com/dotnet/core/aspnet:2.2 
[36mINFO[0m[0005] Built cross stage deps: map[0:[/app]]        
[36mINFO[0m[0005] Retrieving image manifest mcr.microsoft.com/dotnet/core/sdk:2.2 
[36mINFO[0m[0005] Retrieving image manifest mcr.microsoft.com/dotnet/core/sdk:2.2 
[36mINFO[0m[0006] Executing 0 build triggers                   
[36mINFO[0m[0006] Checking for cached layer 372853230800.dkr.ecr.ap-northeast-1.amazonaws.com/todo/cache:a2f5af6d2edb286533438609eaa409818a04e08a5cb4cbe159d8c9059c49a63d... 
[36mINFO[0m[0008] No cached layer found for cmd COPY . .       
[36mINFO[0m[0008] Unpacking rootfs as cmd COPY . . requires it. 
[36mINFO[0m[0070] COPY . .                                     
[36mINFO[0m[0070] Resolving 140 paths                          
[36mINFO[0m[0070] Taking snapshot of files...                  
[36mINFO[0m[0071] WORKDIR /src                                 
[36mINFO[0m[0071] cmd: workdir                                 
[36mINFO[0m[0071] Changed working directory to /src            
[36mINFO[0m[0071] No files changed in this command, skipping snapshotting. 
[36mINFO[0m[0071] RUN dotnet restore                           
[36mINFO[0m[0071] Taking snapshot of full filesystem...        
[36mINFO[0m[0071] Pushing layer 372853230800.dkr.ecr.ap-northeast-1.amazonaws.com/todo/cache:a2f5af6d2edb286533438609eaa409818a04e08a5cb4cbe159d8c9059c49a63d to cache now 
[36mINFO[0m[0073] Resolving 34916 paths                        
[36mINFO[0m[0109] cmd: /bin/sh                                 
[36mINFO[0m[0109] args: [-c dotnet restore]                    
[36mINFO[0m[0109] Running: [/bin/sh -c dotnet restore]         
  Restore completed in 19.88 sec for /src/aspnetapp-testing/aspnetapp-testing.csproj.
  Restore completed in 1.6 sec for /src/aspnetapp/aspnetapp.csproj.
  Restore completed in 25.71 sec for /src/aspnetapp/aspnetapp.csproj.
[36mINFO[0m[0160] Taking snapshot of full filesystem...        
[36mINFO[0m[0160] Resolving 37553 paths                        
[36mINFO[0m[0201] Pushing layer 372853230800.dkr.ecr.ap-northeast-1.amazonaws.com/todo/cache:03151bcfb092979a33841712d28859e523b9a3acd24f40fb364ac05e6bc1d735 to cache now 
[36mINFO[0m[0201] RUN dotnet publish aspnetapp/aspnetapp.csproj -c Release -o /app 
[36mINFO[0m[0201] cmd: /bin/sh                                 
[36mINFO[0m[0201] args: [-c dotnet publish aspnetapp/aspnetapp.csproj -c Release -o /app] 
[36mINFO[0m[0201] Running: [/bin/sh -c dotnet publish aspnetapp/aspnetapp.csproj -c Release -o /app] 
Microsoft (R) Build Engine version 16.0.450+ga8dc7f1d34 for .NET Core
Copyright (C) Microsoft Corporation. All rights reserved.

  Restore completed in 175.06 ms for /src/aspnetapp/aspnetapp.csproj.
  Restore completed in 11.83 ms for /src/aspnetapp/aspnetapp.csproj.
  aspnetapp -> /src/aspnetapp/bin/Release/netcoreapp2.2/aspnetapp.dll
  aspnetapp -> /src/aspnetapp/bin/Release/netcoreapp2.2/aspnetapp.Views.dll
  aspnetapp -> /app/
[36mINFO[0m[0221] Taking snapshot of full filesystem...        
[36mINFO[0m[0221] Resolving 37695 paths                        
[36mINFO[0m[0247] ignoring socket CoreFxPipe_root.F.mBSPmB68F+, not adding to tar 
[36mINFO[0m[0247] ignoring socket CoreFxPipe_root.hmO7SWqwEv4UbpiDCHUUDAaJc, not adding to tar 
[36mINFO[0m[0247] Pushing layer 372853230800.dkr.ecr.ap-northeast-1.amazonaws.com/todo/cache:c9eff35dfa33dc7d5e8e0a441af6dc8c4cfcb7878da02f3ed606f97eb92692d8 to cache now 
[36mINFO[0m[0247] RUN dotnet test --logger "trx;LogFileName=./aspnetapp.trx" 
[36mINFO[0m[0247] cmd: /bin/sh                                 
[36mINFO[0m[0247] args: [-c dotnet test --logger "trx;LogFileName=./aspnetapp.trx"] 
[36mINFO[0m[0247] Running: [/bin/sh -c dotnet test --logger "trx;LogFileName=./aspnetapp.trx"] 
Test run for /src/aspnetapp-testing/bin/Debug/netcoreapp2.2/aspnetapp-testing.dll(.NETCoreApp,Version=v2.2)
Microsoft (R) Test Execution Command Line Tool Version 16.0.1
Copyright (c) Microsoft Corporation.  All rights reserved.

Starting test execution, please wait...
Results File: /src/aspnetapp-testing/TestResults/./aspnetapp_2021-05-06_09-49-18-316.trx

Total tests: 1. Passed: 1. Failed: 0. Skipped: 0.
Test Run Successful.
Test execution time: 4.0924 Seconds
[36mINFO[0m[0261] Taking snapshot of full filesystem...        
[36mINFO[0m[0262] Resolving 37710 paths                        
[36mINFO[0m[0288] ignoring socket CoreFxPipe_root.F.mBSPmB68F+, not adding to tar 
[36mINFO[0m[0288] Pushing layer 372853230800.dkr.ecr.ap-northeast-1.amazonaws.com/todo/cache:b308232c35d7c08d12b801976322698cbf1ed9fe33aa4017ab3c20c7ecb3b677 to cache now 
[33mWARN[0m[0289] error uploading layer to cache: failed to push to destination 372853230800.dkr.ecr.ap-northeast-1.amazonaws.com/todo/cache:a2f5af6d2edb286533438609eaa409818a04e08a5cb4cbe159d8c9059c49a63d: POST https://372853230800.dkr.ecr.ap-northeast-1.amazonaws.com/v2/todo/cache/blobs/uploads/: NAME_UNKNOWN: The repository with name 'todo/cache' does not exist in the registry with id '372853230800' 
[36mINFO[0m[0289] Saving file app for later use                
[36mINFO[0m[0289] Deleting filesystem...                       
[36mINFO[0m[0293] Retrieving image manifest mcr.microsoft.com/dotnet/core/aspnet:2.2 
[36mINFO[0m[0293] Retrieving image manifest mcr.microsoft.com/dotnet/core/aspnet:2.2 
[36mINFO[0m[0294] Executing 0 build triggers                   
[36mINFO[0m[0294] Checking for cached layer 372853230800.dkr.ecr.ap-northeast-1.amazonaws.com/todo/cache:f186e160f0bf29a4566bf3b20e48db94e1fe62bcfc8cbd7b4bd32918050c46ee... 
[36mINFO[0m[0296] No cached layer found for cmd COPY --from=builder /app . 
[36mINFO[0m[0296] Unpacking rootfs as cmd COPY --from=builder /app . requires it. 
[36mINFO[0m[0307] COPY --from=builder /app .                   
[36mINFO[0m[0308] Resolving 68 paths                           
[36mINFO[0m[0308] Taking snapshot of files...                  
[36mINFO[0m[0308] Pushing layer 372853230800.dkr.ecr.ap-northeast-1.amazonaws.com/todo/cache:f186e160f0bf29a4566bf3b20e48db94e1fe62bcfc8cbd7b4bd32918050c46ee to cache now 
[36mINFO[0m[0308] ENTRYPOINT ["dotnet", "aspnetapp.dll"]       
[36mINFO[0m[0308] No files changed in this command, skipping snapshotting. 
[33mWARN[0m[0310] error uploading layer to cache: failed to push to destination 372853230800.dkr.ecr.ap-northeast-1.amazonaws.com/todo/cache:f186e160f0bf29a4566bf3b20e48db94e1fe62bcfc8cbd7b4bd32918050c46ee: POST https://372853230800.dkr.ecr.ap-northeast-1.amazonaws.com/v2/todo/cache/blobs/uploads/: NAME_UNKNOWN: The repository with name 'todo/cache' does not exist in the registry with id '372853230800' 

Showing logs for build [32mtmonj1-jx1-aspnet5-app1-master-z4tlh-1[0m stage [32mfrom-build-pack[0m and container [32mstep-build-post-build[0m
no CVE provider running in the current ** namespace so skip adding image to be analysed

Showing logs for build [32mtmonj1-jx1-aspnet5-app1-master-z4tlh-1[0m stage [32mfrom-build-pack[0m and container [32mstep-promote-changelog[0m
Converted /workspace/source/charts/**1-aspnet5-app1 to an unshallow repository
Generating change log from git ref afd480a7c159e1be22f53e772c1d0ef4703069e1 => fc4d451e795a452bd084325eb6b2b4fe65f50f1a
Associating user tmonji in users.jenkins.io with email ******@gmail.com to git GitProvider user with login tmonji-0 as emails match
Adding label jenkins.io/git-github-userid=tmonji-0 to user tmonji in users.jenkins.io
Finding issues in commit messages using git format
WARNING: No release found for ******/**1-aspnet5-app1 and tag v0.0.1 so creating a new release
Updated the release information at https://github.com/******/**1-aspnet5-app1/releases/tag/v0.0.1
generated: /workspace/source/charts/**1-aspnet5-app1/templates/release.yaml
Created Release **1-aspnet5-app1-0-0-1 resource in namespace **
Updating PipelineActivity ******-**1-aspnet5-app1-master-1 with version 0.0.1
Updated PipelineActivities ******-**1-aspnet5-app1-master-1 with release notes URL: https://github.com/******/**1-aspnet5-app1/releases/tag/v0.0.1

Showing logs for build [32mtmonj1-jx1-aspnet5-app1-master-z4tlh-1[0m stage [32mfrom-build-pack[0m and container [32mstep-promote-helm-release[0m
WARNING: No $CHART_REPOSITORY defined so using the default value of: http://jenkins-x-chartmuseum:8080
Adding missing Helm repo: storage.googleapis.com https://storage.googleapis.com/chartmuseum.jenkins-x.io
Successfully added Helm repository storage.googleapis.com.
Adding missing Helm repo: jenkins-x-chartmuseum http://jenkins-x-chartmuseum:8080
Successfully added Helm repository jenkins-x-chartmuseum.
WARNING: No $CHART_REPOSITORY defined so using the default value of: http://jenkins-x-chartmuseum:8080
Uploading chart file **1-aspnet5-app1-0.0.1.tgz to http://jenkins-x-chartmuseum:8080/api/charts
Received 201 response: {"saved":true}

Showing logs for build [32mtmonj1-jx1-aspnet5-app1-master-z4tlh-1[0m stage [32mfrom-build-pack[0m and container [32mstep-promote-jx-promote[0m
WARNING: prow based install so skip waiting for the merge of Pull Requests to go green as currently there is an issue with gettingstatuses from the PR, see https://github.com/jenkins-x/**/issues/2410
WARNING: No $CHART_REPOSITORY defined so using the default value of: http://jenkins-x-chartmuseum:8080
